{"R:\\CareerFoundry\\meet\\meet\\src\\App.jsx": {"path":"R:\\CareerFoundry\\meet\\meet\\src\\App.jsx","statementMap":{"0":{"start":{"line":11,"column":30},"end":{"line":11,"column":42}},"1":{"start":{"line":12,"column":38},"end":{"line":12,"column":50}},"2":{"start":{"line":13,"column":42},"end":{"line":13,"column":54}},"3":{"start":{"line":14,"column":40},"end":{"line":14,"column":66}},"4":{"start":{"line":16,"column":2},"end":{"line":19,"column":20}},"5":{"start":{"line":17,"column":4},"end":{"line":17,"column":16}},"6":{"start":{"line":21,"column":20},"end":{"line":26,"column":3}},"7":{"start":{"line":22,"column":22},"end":{"line":22,"column":39}},"8":{"start":{"line":23,"column":27},"end":{"line":23,"column":131}},"9":{"start":{"line":23,"column":100},"end":{"line":23,"column":130}},"10":{"start":{"line":24,"column":4},"end":{"line":24,"column":51}},"11":{"start":{"line":25,"column":4},"end":{"line":25,"column":49}},"12":{"start":{"line":28,"column":2},"end":{"line":34,"column":4}}},"fnMap":{"0":{"name":"App","decl":{"start":{"line":9,"column":9},"end":{"line":9,"column":12}},"loc":{"start":{"line":9,"column":15},"end":{"line":35,"column":1}},"line":9},"1":{"name":"(anonymous_1)","decl":{"start":{"line":16,"column":12},"end":{"line":16,"column":13}},"loc":{"start":{"line":16,"column":18},"end":{"line":19,"column":3}},"line":16},"2":{"name":"(anonymous_2)","decl":{"start":{"line":21,"column":20},"end":{"line":21,"column":21}},"loc":{"start":{"line":21,"column":32},"end":{"line":26,"column":3}},"line":21},"3":{"name":"(anonymous_3)","decl":{"start":{"line":23,"column":91},"end":{"line":23,"column":92}},"loc":{"start":{"line":23,"column":100},"end":{"line":23,"column":130}},"line":23}},"branchMap":{"0":{"loc":{"start":{"line":23,"column":27},"end":{"line":23,"column":131}},"type":"cond-expr","locations":[{"start":{"line":23,"column":62},"end":{"line":23,"column":71}},{"start":{"line":23,"column":74},"end":{"line":23,"column":131}}],"line":23}},"s":{"0":12,"1":11,"2":11,"3":11,"4":11,"5":7,"6":11,"7":7,"8":7,"9":250,"10":7,"11":7,"12":11},"f":{"0":12,"1":7,"2":7,"3":250},"b":{"0":[6,1]},"_coverageSchema":"1a1c01bbd47fc00a2c39e90264f33305004495a9","hash":"74d0126df06a4c51f9cd46c5cf59f6c02db46d32"}
,"R:\\CareerFoundry\\meet\\meet\\src\\api.js": {"path":"R:\\CareerFoundry\\meet\\meet\\src\\api.js","statementMap":{"0":{"start":{"line":3,"column":32},"end":{"line":7,"column":1}},"1":{"start":{"line":4,"column":31},"end":{"line":4,"column":68}},"2":{"start":{"line":4,"column":53},"end":{"line":4,"column":67}},"3":{"start":{"line":5,"column":22},"end":{"line":5,"column":54}},"4":{"start":{"line":6,"column":4},"end":{"line":6,"column":21}},"5":{"start":{"line":9,"column":25},"end":{"line":11,"column":1}},"6":{"start":{"line":10,"column":4},"end":{"line":10,"column":20}}},"fnMap":{"0":{"name":"(anonymous_0)","decl":{"start":{"line":3,"column":32},"end":{"line":3,"column":33}},"loc":{"start":{"line":3,"column":44},"end":{"line":7,"column":1}},"line":3},"1":{"name":"(anonymous_1)","decl":{"start":{"line":4,"column":42},"end":{"line":4,"column":43}},"loc":{"start":{"line":4,"column":53},"end":{"line":4,"column":67}},"line":4},"2":{"name":"(anonymous_2)","decl":{"start":{"line":9,"column":25},"end":{"line":9,"column":26}},"loc":{"start":{"line":9,"column":37},"end":{"line":11,"column":1}},"line":9}},"branchMap":{},"s":{"0":4,"1":11,"2":2750,"3":11,"4":11,"5":4,"6":19},"f":{"0":11,"1":2750,"2":19},"b":{},"_coverageSchema":"1a1c01bbd47fc00a2c39e90264f33305004495a9","hash":"9c335244fe8df27043b74f3ab65259b3031a6101"}
,"R:\\CareerFoundry\\meet\\meet\\src\\mock-data.js": {"path":"R:\\CareerFoundry\\meet\\meet\\src\\mock-data.js","statementMap":{"0":{"start":{"line":1,"column":17},"end":{"line":15062,"column":1}}},"fnMap":{},"branchMap":{},"s":{"0":4},"f":{},"b":{},"_coverageSchema":"1a1c01bbd47fc00a2c39e90264f33305004495a9","hash":"47d5e81a1517baf8e3e9a988b09d7a8490d6fa44"}
,"R:\\CareerFoundry\\meet\\meet\\src\\components\\CitySearch.jsx": {"path":"R:\\CareerFoundry\\meet\\meet\\src\\components\\CitySearch.jsx","statementMap":{"0":{"start":{"line":4,"column":19},"end":{"line":46,"column":1}},"1":{"start":{"line":5,"column":50},"end":{"line":5,"column":65}},"2":{"start":{"line":6,"column":30},"end":{"line":6,"column":42}},"3":{"start":{"line":7,"column":42},"end":{"line":7,"column":54}},"4":{"start":{"line":9,"column":4},"end":{"line":11,"column":28}},"5":{"start":{"line":10,"column":8},"end":{"line":10,"column":37}},"6":{"start":{"line":13,"column":31},"end":{"line":21,"column":5}},"7":{"start":{"line":14,"column":22},"end":{"line":14,"column":40}},"8":{"start":{"line":15,"column":34},"end":{"line":17,"column":15}},"9":{"start":{"line":16,"column":12},"end":{"line":16,"column":76}},"10":{"start":{"line":19,"column":8},"end":{"line":19,"column":24}},"11":{"start":{"line":20,"column":8},"end":{"line":20,"column":42}},"12":{"start":{"line":23,"column":30},"end":{"line":28,"column":5}},"13":{"start":{"line":24,"column":22},"end":{"line":24,"column":46}},"14":{"start":{"line":25,"column":8},"end":{"line":25,"column":24}},"15":{"start":{"line":26,"column":8},"end":{"line":26,"column":34}},"16":{"start":{"line":27,"column":8},"end":{"line":27,"column":30}},"17":{"start":{"line":30,"column":4},"end":{"line":45,"column":6}},"18":{"start":{"line":32,"column":109},"end":{"line":32,"column":133}},"19":{"start":{"line":36,"column":24},"end":{"line":36,"column":97}}},"fnMap":{"0":{"name":"(anonymous_0)","decl":{"start":{"line":4,"column":19},"end":{"line":4,"column":20}},"loc":{"start":{"line":4,"column":57},"end":{"line":46,"column":1}},"line":4},"1":{"name":"(anonymous_1)","decl":{"start":{"line":9,"column":14},"end":{"line":9,"column":15}},"loc":{"start":{"line":9,"column":20},"end":{"line":11,"column":5}},"line":9},"2":{"name":"(anonymous_2)","decl":{"start":{"line":13,"column":31},"end":{"line":13,"column":32}},"loc":{"start":{"line":13,"column":42},"end":{"line":21,"column":5}},"line":13},"3":{"name":"(anonymous_3)","decl":{"start":{"line":15,"column":69},"end":{"line":15,"column":70}},"loc":{"start":{"line":15,"column":83},"end":{"line":17,"column":9}},"line":15},"4":{"name":"(anonymous_4)","decl":{"start":{"line":23,"column":30},"end":{"line":23,"column":31}},"loc":{"start":{"line":23,"column":41},"end":{"line":28,"column":5}},"line":23},"5":{"name":"(anonymous_5)","decl":{"start":{"line":32,"column":103},"end":{"line":32,"column":104}},"loc":{"start":{"line":32,"column":109},"end":{"line":32,"column":133}},"line":32},"6":{"name":"(anonymous_6)","decl":{"start":{"line":35,"column":37},"end":{"line":35,"column":38}},"loc":{"start":{"line":35,"column":53},"end":{"line":37,"column":21}},"line":35}},"branchMap":{"0":{"loc":{"start":{"line":15,"column":34},"end":{"line":17,"column":15}},"type":"cond-expr","locations":[{"start":{"line":15,"column":49},"end":{"line":17,"column":10}},{"start":{"line":17,"column":13},"end":{"line":17,"column":15}}],"line":15},"1":{"loc":{"start":{"line":33,"column":13},"end":{"line":42,"column":22}},"type":"cond-expr","locations":[{"start":{"line":34,"column":16},"end":{"line":41,"column":21}},{"start":{"line":42,"column":18},"end":{"line":42,"column":22}}],"line":33}},"s":{"0":3,"1":69,"2":69,"3":69,"4":69,"5":18,"6":69,"7":24,"8":24,"9":360,"10":24,"11":24,"12":69,"13":2,"14":2,"15":2,"16":2,"17":69,"18":6,"19":109},"f":{"0":69,"1":18,"2":24,"3":360,"4":2,"5":6,"6":109},"b":{"0":[24,0],"1":[31,38]},"_coverageSchema":"1a1c01bbd47fc00a2c39e90264f33305004495a9","hash":"e5d964c26bc198eff06f909fd5048910aee0a55c"}
,"R:\\CareerFoundry\\meet\\meet\\src\\components\\Event.jsx": {"path":"R:\\CareerFoundry\\meet\\meet\\src\\components\\Event.jsx","statementMap":{"0":{"start":{"line":4,"column":14},"end":{"line":22,"column":1}},"1":{"start":{"line":5,"column":42},"end":{"line":5,"column":57}},"2":{"start":{"line":7,"column":4},"end":{"line":21,"column":6}},"3":{"start":{"line":15,"column":20},"end":{"line":15,"column":79}}},"fnMap":{"0":{"name":"(anonymous_0)","decl":{"start":{"line":4,"column":14},"end":{"line":4,"column":15}},"loc":{"start":{"line":4,"column":29},"end":{"line":22,"column":1}},"line":4},"1":{"name":"(anonymous_1)","decl":{"start":{"line":14,"column":57},"end":{"line":14,"column":58}},"loc":{"start":{"line":14,"column":63},"end":{"line":16,"column":17}},"line":14}},"branchMap":{"0":{"loc":{"start":{"line":15,"column":20},"end":{"line":15,"column":78}},"type":"cond-expr","locations":[{"start":{"line":15,"column":34},"end":{"line":15,"column":55}},{"start":{"line":15,"column":58},"end":{"line":15,"column":78}}],"line":15},"1":{"loc":{"start":{"line":16,"column":20},"end":{"line":16,"column":65}},"type":"cond-expr","locations":[{"start":{"line":16,"column":34},"end":{"line":16,"column":48}},{"start":{"line":16,"column":51},"end":{"line":16,"column":65}}],"line":16},"2":{"loc":{"start":{"line":17,"column":17},"end":{"line":18,"column":97}},"type":"binary-expr","locations":[{"start":{"line":17,"column":17},"end":{"line":17,"column":28}},{"start":{"line":18,"column":16},"end":{"line":18,"column":97}}],"line":17}},"s":{"0":4,"1":419,"2":419,"3":3},"f":{"0":419,"1":3},"b":{"0":[1,2],"1":[2,417],"2":[419,2]},"_coverageSchema":"1a1c01bbd47fc00a2c39e90264f33305004495a9","hash":"8a3aeff391dec24c2618f1bdffd8bc17d5593cfa"}
,"R:\\CareerFoundry\\meet\\meet\\src\\components\\EventList.jsx": {"path":"R:\\CareerFoundry\\meet\\meet\\src\\components\\EventList.jsx","statementMap":{"0":{"start":{"line":5,"column":18},"end":{"line":11,"column":1}},"1":{"start":{"line":6,"column":2},"end":{"line":10,"column":4}},"2":{"start":{"line":8,"column":38},"end":{"line":8,"column":76}}},"fnMap":{"0":{"name":"(anonymous_0)","decl":{"start":{"line":5,"column":18},"end":{"line":5,"column":19}},"loc":{"start":{"line":5,"column":35},"end":{"line":11,"column":1}},"line":5},"1":{"name":"(anonymous_1)","decl":{"start":{"line":8,"column":29},"end":{"line":8,"column":30}},"loc":{"start":{"line":8,"column":38},"end":{"line":8,"column":76}},"line":8}},"branchMap":{"0":{"loc":{"start":{"line":8,"column":9},"end":{"line":8,"column":84}},"type":"cond-expr","locations":[{"start":{"line":8,"column":18},"end":{"line":8,"column":77}},{"start":{"line":8,"column":80},"end":{"line":8,"column":84}}],"line":8}},"s":{"0":3,"1":14,"2":410},"f":{"0":14,"1":410},"b":{"0":[12,2]},"_coverageSchema":"1a1c01bbd47fc00a2c39e90264f33305004495a9","hash":"e02d7e64278cd00a21e50227768ec8bfada7216c"}
,"R:\\CareerFoundry\\meet\\meet\\src\\components\\NumberOfEvents.jsx": {"path":"R:\\CareerFoundry\\meet\\meet\\src\\components\\NumberOfEvents.jsx","statementMap":{"0":{"start":{"line":3,"column":23},"end":{"line":17,"column":1}},"1":{"start":{"line":5,"column":48},"end":{"line":5,"column":60}},"2":{"start":{"line":7,"column":31},"end":{"line":10,"column":5}},"3":{"start":{"line":8,"column":22},"end":{"line":8,"column":40}},"4":{"start":{"line":9,"column":8},"end":{"line":9,"column":33}},"5":{"start":{"line":11,"column":4},"end":{"line":16,"column":6}}},"fnMap":{"0":{"name":"(anonymous_0)","decl":{"start":{"line":3,"column":23},"end":{"line":3,"column":24}},"loc":{"start":{"line":3,"column":29},"end":{"line":17,"column":1}},"line":3},"1":{"name":"(anonymous_1)","decl":{"start":{"line":7,"column":31},"end":{"line":7,"column":32}},"loc":{"start":{"line":7,"column":42},"end":{"line":10,"column":5}},"line":7}},"branchMap":{},"s":{"0":4,"1":18,"2":18,"3":4,"4":4,"5":18},"f":{"0":18,"1":4},"b":{},"_coverageSchema":"1a1c01bbd47fc00a2c39e90264f33305004495a9","hash":"41e29f5e576ee3ca53da06293e07c663c3314d76"}
}
