TN:
SF:src\App.jsx
FN:9,App
FN:16,(anonymous_1)
FN:21,(anonymous_2)
FN:23,(anonymous_3)
FNF:4
FNH:4
FNDA:12,App
FNDA:7,(anonymous_1)
FNDA:7,(anonymous_2)
FNDA:250,(anonymous_3)
DA:11,12
DA:12,11
DA:13,11
DA:14,11
DA:16,11
DA:17,7
DA:21,11
DA:22,7
DA:23,250
DA:24,7
DA:25,7
DA:28,11
LF:12
LH:12
BRDA:23,0,0,6
BRDA:23,0,1,1
BRF:2
BRH:2
end_of_record
TN:
SF:src\api.js
FN:3,(anonymous_0)
FN:4,(anonymous_1)
FN:9,(anonymous_2)
FN:16,(anonymous_3)
FN:31,(anonymous_4)
FN:49,(anonymous_5)
FN:61,(anonymous_6)
FNF:7
FNH:3
FNDA:11,(anonymous_0)
FNDA:2750,(anonymous_1)
FNDA:0,(anonymous_2)
FNDA:0,(anonymous_3)
FNDA:19,(anonymous_4)
FNDA:0,(anonymous_5)
FNDA:0,(anonymous_6)
DA:3,4
DA:4,2750
DA:5,11
DA:6,11
DA:9,4
DA:10,0
DA:13,0
DA:14,0
DA:16,4
DA:18,0
DA:19,0
DA:24,0
DA:26,0
DA:27,0
DA:31,4
DA:32,19
DA:33,19
DA:36,0
DA:38,0
DA:39,0
DA:40,0
DA:41,0
DA:42,0
DA:43,0
DA:44,0
DA:45,0
DA:49,4
DA:50,0
DA:51,0
DA:54,0
DA:55,0
DA:58,0
DA:61,4
DA:62,0
DA:63,0
DA:65,0
DA:66,0
DA:67,0
DA:68,0
DA:69,0
DA:70,0
DA:73,0
DA:74,0
DA:75,0
DA:77,0
DA:79,0
LF:46
LH:11
BRDA:18,0,0,0
BRDA:18,0,1,0
BRDA:18,1,0,0
BRDA:18,1,1,0
BRDA:32,2,0,19
BRDA:32,2,1,0
BRDA:38,3,0,0
BRDA:38,3,1,0
BRDA:43,4,0,0
BRDA:43,4,1,0
BRDA:55,5,0,0
BRDA:55,5,1,0
BRDA:63,6,0,0
BRDA:63,6,1,0
BRDA:65,7,0,0
BRDA:65,7,1,0
BRDA:65,8,0,0
BRDA:65,8,1,0
BRDA:69,9,0,0
BRDA:69,9,1,0
BRDA:77,10,0,0
BRDA:77,10,1,0
BRF:22
BRH:1
end_of_record
TN:
SF:src\mock-data.js
FNF:0
FNH:0
DA:1,4
LF:1
LH:1
BRF:0
BRH:0
end_of_record
TN:
SF:src\components\CitySearch.jsx
FN:4,(anonymous_0)
FN:9,(anonymous_1)
FN:13,(anonymous_2)
FN:15,(anonymous_3)
FN:23,(anonymous_4)
FN:32,(anonymous_5)
FN:35,(anonymous_6)
FNF:7
FNH:7
FNDA:69,(anonymous_0)
FNDA:18,(anonymous_1)
FNDA:24,(anonymous_2)
FNDA:360,(anonymous_3)
FNDA:2,(anonymous_4)
FNDA:6,(anonymous_5)
FNDA:109,(anonymous_6)
DA:4,3
DA:5,69
DA:6,69
DA:7,69
DA:9,69
DA:10,18
DA:13,69
DA:14,24
DA:15,24
DA:16,360
DA:19,24
DA:20,24
DA:23,69
DA:24,2
DA:25,2
DA:26,2
DA:27,2
DA:30,69
DA:32,6
DA:36,109
LF:20
LH:20
BRDA:15,0,0,24
BRDA:15,0,1,0
BRDA:33,1,0,31
BRDA:33,1,1,38
BRF:4
BRH:3
end_of_record
TN:
SF:src\components\Event.jsx
FN:4,(anonymous_0)
FN:14,(anonymous_1)
FNF:2
FNH:2
FNDA:419,(anonymous_0)
FNDA:3,(anonymous_1)
DA:4,4
DA:5,419
DA:7,419
DA:15,3
LF:4
LH:4
BRDA:15,0,0,1
BRDA:15,0,1,2
BRDA:16,1,0,2
BRDA:16,1,1,417
BRDA:17,2,0,419
BRDA:17,2,1,2
BRF:6
BRH:6
end_of_record
TN:
SF:src\components\EventList.jsx
FN:5,(anonymous_0)
FN:8,(anonymous_1)
FNF:2
FNH:2
FNDA:14,(anonymous_0)
FNDA:410,(anonymous_1)
DA:5,3
DA:6,14
DA:8,410
LF:3
LH:3
BRDA:8,0,0,12
BRDA:8,0,1,2
BRF:2
BRH:2
end_of_record
TN:
SF:src\components\NumberOfEvents.jsx
FN:3,(anonymous_0)
FN:6,(anonymous_1)
FNF:2
FNH:2
FNDA:18,(anonymous_0)
FNDA:4,(anonymous_1)
DA:3,4
DA:4,18
DA:6,18
DA:7,4
DA:8,4
DA:9,4
DA:12,18
LF:7
LH:7
BRF:0
BRH:0
end_of_record
