TN:
SF:src\App.jsx
FN:9,App
FN:16,(anonymous_1)
FN:21,(anonymous_2)
FN:23,(anonymous_3)
FNF:4
FNH:4
FNDA:12,App
FNDA:7,(anonymous_1)
FNDA:7,(anonymous_2)
FNDA:250,(anonymous_3)
DA:11,12
DA:12,11
DA:13,11
DA:14,11
DA:16,11
DA:17,7
DA:21,11
DA:22,7
DA:23,250
DA:24,7
DA:25,7
DA:28,11
LF:12
LH:12
BRDA:23,0,0,6
BRDA:23,0,1,1
BRF:2
BRH:2
end_of_record
TN:
SF:src\api.js
FN:3,(anonymous_0)
FN:4,(anonymous_1)
FN:9,(anonymous_2)
FNF:3
FNH:3
FNDA:11,(anonymous_0)
FNDA:2750,(anonymous_1)
FNDA:19,(anonymous_2)
DA:3,4
DA:4,2750
DA:5,11
DA:6,11
DA:9,4
DA:10,19
LF:6
LH:6
BRF:0
BRH:0
end_of_record
TN:
SF:src\mock-data.js
FNF:0
FNH:0
DA:1,4
LF:1
LH:1
BRF:0
BRH:0
end_of_record
TN:
SF:src\components\CitySearch.jsx
FN:4,(anonymous_0)
FN:9,(anonymous_1)
FN:13,(anonymous_2)
FN:15,(anonymous_3)
FN:23,(anonymous_4)
FN:32,(anonymous_5)
FN:35,(anonymous_6)
FNF:7
FNH:7
FNDA:69,(anonymous_0)
FNDA:18,(anonymous_1)
FNDA:24,(anonymous_2)
FNDA:360,(anonymous_3)
FNDA:2,(anonymous_4)
FNDA:6,(anonymous_5)
FNDA:109,(anonymous_6)
DA:4,3
DA:5,69
DA:6,69
DA:7,69
DA:9,69
DA:10,18
DA:13,69
DA:14,24
DA:15,24
DA:16,360
DA:19,24
DA:20,24
DA:23,69
DA:24,2
DA:25,2
DA:26,2
DA:27,2
DA:30,69
DA:32,6
DA:36,109
LF:20
LH:20
BRDA:15,0,0,24
BRDA:15,0,1,0
BRDA:33,1,0,31
BRDA:33,1,1,38
BRF:4
BRH:3
end_of_record
TN:
SF:src\components\Event.jsx
FN:4,(anonymous_0)
FN:14,(anonymous_1)
FNF:2
FNH:2
FNDA:419,(anonymous_0)
FNDA:3,(anonymous_1)
DA:4,4
DA:5,419
DA:7,419
DA:15,3
LF:4
LH:4
BRDA:15,0,0,1
BRDA:15,0,1,2
BRDA:16,1,0,2
BRDA:16,1,1,417
BRDA:17,2,0,419
BRDA:17,2,1,2
BRF:6
BRH:6
end_of_record
TN:
SF:src\components\EventList.jsx
FN:5,(anonymous_0)
FN:8,(anonymous_1)
FNF:2
FNH:2
FNDA:14,(anonymous_0)
FNDA:410,(anonymous_1)
DA:5,3
DA:6,14
DA:8,410
LF:3
LH:3
BRDA:8,0,0,12
BRDA:8,0,1,2
BRF:2
BRH:2
end_of_record
TN:
SF:src\components\NumberOfEvents.jsx
FN:3,(anonymous_0)
FN:7,(anonymous_1)
FNF:2
FNH:2
FNDA:18,(anonymous_0)
FNDA:4,(anonymous_1)
DA:3,4
DA:5,18
DA:7,18
DA:8,4
DA:9,4
DA:11,18
LF:6
LH:6
BRF:0
BRH:0
end_of_record
